#
# There is insufficient memory for the Java Runtime Environment to continue.
# Native memory allocation (mmap) failed to map 4161536 bytes. Error detail: G1 virtual space
# Possible reasons:
#   The system is out of physical RAM or swap space
#   This process is running with CompressedOops enabled, and the Java Heap may be blocking the growth of the native heap
# Possible solutions:
#   Reduce memory load on the system
#   Increase physical memory or swap space
#   Check if swap backing store is full
#   Decrease Java heap size (-Xmx/-Xms)
#   Decrease number of Java threads
#   Decrease Java thread stack sizes (-Xss)
#   Set larger code cache with -XX:ReservedCodeCacheSize=
#   JVM is running with Zero Based Compressed Oops mode in which the Java heap is
#     placed in the first 32GB address space. The Java Heap base address is the
#     maximum limit for the native heap growth. Please use -XX:HeapBaseMinAddress
#     to set the Java Heap base and to place the Java Heap above 32GB virtual address.
# This output file may be truncated or incomplete.
#
#  Out of Memory Error (os_windows.cpp:3690), pid=13488, tid=8976
#
# JRE version:  (17.0.17+10) (build )
# Java VM: OpenJDK 64-Bit Server VM (17.0.17+10-LTS, mixed mode, sharing, tiered, compressed oops, compressed class ptrs, g1 gc, windows-amd64)
# No core dump will be written. Minidumps are not enabled by default on client versions of Windows
#

---------------  S U M M A R Y ------------

Command Line: -Dfile.encoding=IBM437 -Dnet.bytebuddy.agent.attacher.dump= net.bytebuddy.agent.Attacher com.sun.tools.attach.VirtualMachine 6888 C:\Users\91709\.m2\repository\net\bytebuddy\byte-buddy-agent\1.17.8\byte-buddy-agent-1.17.8.jar false 

Host: 11th Gen Intel(R) Core(TM) i5-1135G7 @ 2.40GHz, 8 cores, 15G,  Windows 11 , 64 bit Build 26100 (10.0.26100.8521)
Time: Sat May 30 13:15:09 2026 India Standard Time elapsed time: 0.012482 seconds (0d 0h 0m 0s)

---------------  T H R E A D  ---------------

Current thread (0x000001e6e05b9fb0):  JavaThread "Unknown thread" [_thread_in_vm, id=8976, stack(0x00000067b3900000,0x00000067b3a00000)]

Stack: [0x00000067b3900000,0x00000067b3a00000]
Native frames: (J=compiled Java code, j=interpreted, Vv=VM code, C=native code)
V  [jvm.dll+0x68c459]  (no source info available)
V  [jvm.dll+0x845e09]  (no source info available)
V  [jvm.dll+0x847b78]  (no source info available)
V  [jvm.dll+0x848203]  (no source info available)
V  [jvm.dll+0x24cf6f]  (no source info available)
V  [jvm.dll+0x68b859]  (no source info available)
V  [jvm.dll+0x67fe1a]  (no source info available)
V  [jvm.dll+0x3100f0]  (no source info available)
V  [jvm.dll+0x30ff92]  (no source info available)
V  [jvm.dll+0x3174e9]  (no source info available)
V  [jvm.dll+0x3697de]  (no source info available)
V  [jvm.dll+0x3699fd]  (no source info available)
V  [jvm.dll+0x2e68fa]  (no source info available)
V  [jvm.dll+0x2e7808]  (no source info available)
V  [jvm.dll+0x8182be]  (no source info available)
V  [jvm.dll+0x377431]  (no source info available)
V  [jvm.dll+0x7f6905]  (no source info available)
V  [jvm.dll+0x3fd2ab]  (no source info available)
V  [jvm.dll+0x3feee1]  (no source info available)
C  [jli.dll+0x52f0]  (no source info available)
C  [ucrtbase.dll+0x2cd30]  (no source info available)
C  [KERNEL32.DLL+0x2e957]  (no source info available)
C  [ntdll.dll+0x87c1c]  (no source info available)


---------------  P R O C E S S  ---------------

Threads class SMR info:
_java_thread_list=0x00007ffdf8e57018, length=0, elements={
}

Java Threads: ( => current thread )

Other Threads:
  0x000001e6e0627820 GCTaskThread "GC Thread#0" [stack: 0x00000067b3a00000,0x00000067b3b00000] [id=27556]
  0x000001e6e0638320 ConcurrentGCThread "G1 Main Marker" [stack: 0x00000067b3b00000,0x00000067b3c00000] [id=9452]
  0x000001e6e0639920 ConcurrentGCThread "G1 Conc#0" [stack: 0x00000067b3c00000,0x00000067b3d00000] [id=22260]

[error occurred during error reporting (printing all threads), id 0xc0000005, EXCEPTION_ACCESS_VIOLATION (0xc0000005) at pc=0x00007ffdf8607437]

VM state: not at safepoint (not fully initialized)

VM Mutex/Monitor currently owned by a thread:  ([mutex/lock_event])
[0x000001e6e05b5ff0] Heap_lock - owner thread: 0x000001e6e05b9fb0

Heap address: 0x0000000703600000, size: 4042 MB, Compressed Oops mode: Zero based, Oop shift amount: 3

CDS archive(s) mapped at: [0x0000000000000000-0x0000000000000000-0x0000000000000000), size 0, SharedBaseAddress: 0x0000000800000000, ArchiveRelocationMode: 1.
Narrow klass base: 0x0000000000000000, Narrow klass shift: 0, Narrow klass range: 0x0

GC Precious Log:
<Empty>

Heap:
 garbage-first heap   total 0K, used 0K [0x0000000703600000, 0x0000000800000000)
  region size 2048K, 0 young (0K), 0 survivors (0K)

[error occurred during error reporting (printing heap information), id 0xc0000005, EXCEPTION_ACCESS_VIOLATION (0xc0000005) at pc=0x00007ffdf89f8509]

GC Heap History (0 events):
No events

Dll operation events (1 events):
Event: 0.007 Loaded shared library C:\Users\91709\.jdks\ms-17.0.17\bin\java.dll

Deoptimization events (0 events):
No events

Classes loaded (0 events):
No events

Classes unloaded (0 events):
No events

Classes redefined (0 events):
No events

Internal exceptions (0 events):
No events

VM Operations (0 events):
No events

Memory protections (0 events):
No events

Nmethod flushes (0 events):
No events

Events (0 events):
No events


Dynamic libraries:
0x00007ff6c5ad0000 - 0x00007ff6c5ade000 	C:\Users\91709\.jdks\ms-17.0.17\bin\java.exe
0x00007ffea97a0000 - 0x00007ffea9a06000 	C:\WINDOWS\SYSTEM32\ntdll.dll
0x00007ffea7900000 - 0x00007ffea79c9000 	C:\WINDOWS\System32\KERNEL32.DLL
0x00007ffea6b80000 - 0x00007ffea6f7a000 	C:\WINDOWS\System32\KERNELBASE.dll
0x00007ffea6a30000 - 0x00007ffea6b7c000 	C:\WINDOWS\System32\ucrtbase.dll
0x00007ffe857b0000 - 0x00007ffe857c8000 	C:\Users\91709\.jdks\ms-17.0.17\bin\jli.dll
0x00007ffe857d0000 - 0x00007ffe857ee000 	C:\Users\91709\.jdks\ms-17.0.17\bin\VCRUNTIME140.dll
0x00007ffea8a10000 - 0x00007ffea8bd7000 	C:\WINDOWS\System32\USER32.dll
0x00007ffea7170000 - 0x00007ffea7197000 	C:\WINDOWS\System32\win32u.dll
0x00007ffe8f9e0000 - 0x00007ffe8fc72000 	C:\WINDOWS\WinSxS\amd64_microsoft.windows.common-controls_6595b64144ccf1df_6.0.26100.8521_none_3e08b75ce33403b3\COMCTL32.dll
0x00007ffea8cb0000 - 0x00007ffea8cdb000 	C:\WINDOWS\System32\GDI32.dll
0x00007ffea8c00000 - 0x00007ffea8ca9000 	C:\WINDOWS\System32\msvcrt.dll
0x00007ffea6f80000 - 0x00007ffea70ab000 	C:\WINDOWS\System32\gdi32full.dll
0x00007ffea7460000 - 0x00007ffea7503000 	C:\WINDOWS\System32\msvcp_win.dll
0x00007ffea8320000 - 0x00007ffea8352000 	C:\WINDOWS\System32\IMM32.DLL
0x00007ffe8b730000 - 0x00007ffe8b73c000 	C:\Users\91709\.jdks\ms-17.0.17\bin\vcruntime140_1.dll
0x00007ffe32710000 - 0x00007ffe32799000 	C:\Users\91709\.jdks\ms-17.0.17\bin\msvcp140.dll
0x00007ffdf8310000 - 0x00007ffdf8f8a000 	C:\Users\91709\.jdks\ms-17.0.17\bin\server\jvm.dll
0x00007ffea8260000 - 0x00007ffea8316000 	C:\WINDOWS\System32\ADVAPI32.dll
0x00007ffea96b0000 - 0x00007ffea975a000 	C:\WINDOWS\System32\sechost.dll
0x00007ffea8360000 - 0x00007ffea8478000 	C:\WINDOWS\System32\RPCRT4.dll
0x00007ffea9560000 - 0x00007ffea95e0000 	C:\WINDOWS\System32\WS2_32.dll
0x00007ffea6210000 - 0x00007ffea626e000 	C:\WINDOWS\SYSTEM32\POWRPROF.dll
0x00007ffe94410000 - 0x00007ffe9441b000 	C:\WINDOWS\SYSTEM32\VERSION.dll
0x00007ffe90320000 - 0x00007ffe90356000 	C:\WINDOWS\SYSTEM32\WINMM.dll
0x00007ffea61f0000 - 0x00007ffea6204000 	C:\WINDOWS\SYSTEM32\UMPDC.dll
0x00007ffea57a0000 - 0x00007ffea57bb000 	C:\WINDOWS\SYSTEM32\kernel.appcore.dll
0x00007ffe85920000 - 0x00007ffe8592a000 	C:\Users\91709\.jdks\ms-17.0.17\bin\jimage.dll
0x00007ffea39f0000 - 0x00007ffea3c32000 	C:\WINDOWS\SYSTEM32\DBGHELP.DLL
0x00007ffea8dc0000 - 0x00007ffea9143000 	C:\WINDOWS\System32\combase.dll
0x00007ffea8ce0000 - 0x00007ffea8db9000 	C:\WINDOWS\System32\OLEAUT32.dll
0x00007ffe831a0000 - 0x00007ffe831db000 	C:\WINDOWS\SYSTEM32\dbgcore.DLL
0x00007ffea7320000 - 0x00007ffea73c8000 	C:\WINDOWS\System32\bcryptPrimitives.dll
0x00007ffe719e0000 - 0x00007ffe71a06000 	C:\Users\91709\.jdks\ms-17.0.17\bin\java.dll

dbghelp: loaded successfully - version: 4.0.5 - missing functions: none
symbol engine: initialized successfully - sym options: 0x614 - pdb path: .;C:\Users\91709\.jdks\ms-17.0.17\bin;C:\WINDOWS\SYSTEM32;C:\WINDOWS\WinSxS\amd64_microsoft.windows.common-controls_6595b64144ccf1df_6.0.26100.8521_none_3e08b75ce33403b3;C:\Users\91709\.jdks\ms-17.0.17\bin\server

VM Arguments:
jvm_args: -Dfile.encoding=IBM437 -Dnet.bytebuddy.agent.attacher.dump= 
java_command: net.bytebuddy.agent.Attacher com.sun.tools.attach.VirtualMachine 6888 C:\Users\91709\.m2\repository\net\bytebuddy\byte-buddy-agent\1.17.8\byte-buddy-agent-1.17.8.jar false 
java_class_path (initial): C:\Users\91709\.m2\repository\net\bytebuddy\byte-buddy-agent\1.17.8\byte-buddy-agent-1.17.8.jar
Launcher Type: SUN_STANDARD

[Global flags]
     intx CICompilerCount                          = 4                                         {product} {ergonomic}
     uint ConcGCThreads                            = 2                                         {product} {ergonomic}
     uint G1ConcRefinementThreads                  = 8                                         {product} {ergonomic}
   size_t G1HeapRegionSize                         = 2097152                                   {product} {ergonomic}
    uintx GCDrainStackTargetSize                   = 64                                        {product} {ergonomic}
   size_t InitialHeapSize                          = 266338304                                 {product} {ergonomic}
   size_t MarkStackSize                            = 4194304                                   {product} {ergonomic}
   size_t MaxHeapSize                              = 4238344192                                {product} {ergonomic}
   size_t MinHeapDeltaBytes                        = 2097152                                   {product} {ergonomic}
   size_t MinHeapSize                              = 8388608                                   {product} {ergonomic}
    uintx NonNMethodCodeHeapSize                   = 5839372                                {pd product} {ergonomic}
    uintx NonProfiledCodeHeapSize                  = 122909434                              {pd product} {ergonomic}
    uintx ProfiledCodeHeapSize                     = 122909434                              {pd product} {ergonomic}
    uintx ReservedCodeCacheSize                    = 251658240                              {pd product} {ergonomic}
     bool SegmentedCodeCache                       = true                                      {product} {ergonomic}
   size_t SoftMaxHeapSize                          = 4238344192                             {manageable} {ergonomic}
     bool UseCompressedClassPointers               = true                           {product lp64_product} {ergonomic}
     bool UseCompressedOops                        = true                           {product lp64_product} {ergonomic}
     bool UseG1GC                                  = true                                      {product} {ergonomic}
     bool UseLargePagesIndividualAllocation        = false                                  {pd product} {ergonomic}

Logging:
Log output configuration:
 #0: stdout all=warning uptime,level,tags
 #1: stderr all=off uptime,level,tags

Environment Variables:
JAVA_HOME=C:\Users\91709\.jdks\ms-17.0.17
JAVA_TOOL_OPTIONS=-Dfile.encoding=IBM437
PATH=C:\Program Files\Python313\Scripts\;C:\Program Files\Python313\;C:\Program Files\Python38\Scripts\;C:\Program Files\Python38\;C:\Program Files\Python36\Scripts\;C:\Program Files\Python36\;C:\WINDOWS\system32;C:\WINDOWS;C:\WINDOWS\System32\Wbem;C:\WINDOWS\System32\WindowsPowerShell\v1.0\;C:\WINDOWS\System32\OpenSSH\;C:\MinGW\bin;C:\Program Files\Git\cmd;C:\ProgramData\chocolatey\bin;C:\Program Files\nodejs\;C:\Program Files\MySQL\MySQL Server 9.3\bin;C:\Program Files\WireGuard\;C:\Program Files\Docker\Docker\resources\bin;C:\Users\91709\AppData\Local\Programs\Python\Launcher\;C:\Users\91709\AppData\Local\Programs\Python\Python310\Scripts\;C:\Users\91709\AppData\Local\Programs\Python\Python310\;C:\Users\91709\AppData\Local\Programs\Python\Python38\Scripts\;C:\Users\91709\AppData\Local\Programs\Python\Python38\;C:\Users\91709\AppData\Local\Programs\Python\Python37\Scripts\;C:\Users\91709\AppData\Local\Programs\Python\Python37\;C:\Users\91709\AppData\Local\Programs\Eclipse Adoptium\jdk-17.0.4.101-hotspot\bin;C:\Users\91709\AppData\Local\Microsoft\WindowsApps;C:\Users\91709\AppData\Local\Programs\Microsoft VS Code\bin;C:\Program Files\JetBrains\PyCharm Community Edition 2023.3.1\bin;;C:\Program Files\sf\bin;C:\mingw64\bin;C:\Users\91709\AppData\Roaming\npm;C:\Program Files\PostgreSQL\17\bin;C:\Users\91709\AppData\Local\GitHubDesktop\bin;C:\Program Files\JetBrains\IntelliJ IDEA Community Edition 2025.1\bin;;C:\Users\91709\AppData\Local\Programs\Windsurf\bin
USERNAME=91709
OS=Windows_NT
PROCESSOR_IDENTIFIER=Intel64 Family 6 Model 140 Stepping 1, GenuineIntel
TMP=C:\Users\91709\AppData\Local\Temp
TEMP=C:\Users\91709\AppData\Local\Temp



Periodic native trim disabled


---------------  S Y S T E M  ---------------

OS:
 Windows 11 , 64 bit Build 26100 (10.0.26100.8521)
OS uptime: 2 days 18:25 hours
Hyper-V role detected

CPU: total 8 (initial active 8) (4 cores per cpu, 2 threads per core) family 6 model 140 stepping 1 microcode 0x9a, cx8, cmov, fxsr, ht, mmx, 3dnowpref, sse, sse2, sse3, ssse3, sse4.1, sse4.2, popcnt, lzcnt, tsc, tscinvbit, avx, avx2, aes, erms, clmul, bmi1, bmi2, adx, avx512f, avx512dq, avx512cd, avx512bw, avx512vl, sha, fma, vzeroupper, avx512_vpopcntdq, avx512_vpclmulqdq, avx512_vaes, avx512_vnni, clflush, clflushopt, clwb, avx512_vbmi2, avx512_vbmi, hv
Processor Information for the first 8 processors :
  Max Mhz: 2419, Current Mhz: 2419, Mhz Limit: 2419

Memory: 4k page, system-wide physical 16167M (1370M free)
TotalPageFile size 35404M (AvailPageFile size 4M)
current process WorkingSet (physical memory assigned to process): 13M, peak: 13M
current process commit charge ("private bytes"): 315M, peak: 319M

vm_info: OpenJDK 64-Bit Server VM (17.0.17+10-LTS) for windows-amd64 JRE (17.0.17+10-LTS), built on Oct 13 2025 22:19:56 by "MicrosoftCorporation" with unknown MS VC++:1944

END.
